2025-01-20 18:12:19,660 - INFO - Starting processing for 2 neurons at 2025-01-20 18:12:19.660020
2025-01-20 18:12:19,660 - INFO - Starting experiment with 2 neurons, 100 positions
2025-01-20 18:12:22,090 - INFO - Processing position 1/100
2025-01-20 18:13:14,136 - INFO - Processing position 2/100
2025-01-20 18:14:07,454 - INFO - Processing position 3/100
2025-01-20 18:15:03,959 - INFO - Processing position 4/100
2025-01-20 18:15:56,984 - INFO - Processing position 5/100
2025-01-20 18:16:51,163 - INFO - Processing position 6/100
2025-01-20 18:17:44,314 - INFO - Processing position 7/100
2025-01-20 18:18:39,585 - INFO - Processing position 8/100
2025-01-20 18:19:33,301 - INFO - Processing position 9/100
2025-01-20 18:20:26,543 - INFO - Processing position 10/100
2025-01-20 18:21:19,552 - INFO - Processing position 11/100
2025-01-20 18:22:15,522 - INFO - Processing position 12/100
2025-01-20 18:23:12,006 - INFO - Processing position 13/100
2025-01-20 18:24:06,162 - INFO - Processing position 14/100
2025-01-20 18:25:00,576 - INFO - Processing position 15/100
2025-01-20 18:25:54,021 - INFO - Processing position 16/100
2025-01-20 18:26:49,558 - INFO - Processing position 17/100
2025-01-20 18:27:43,017 - INFO - Processing position 18/100
2025-01-20 18:28:36,812 - INFO - Processing position 19/100
2025-01-20 18:29:29,502 - INFO - Processing position 20/100
2025-01-20 18:30:24,207 - INFO - Processing position 21/100
2025-01-20 18:31:20,101 - INFO - Processing position 22/100
2025-01-20 18:32:14,090 - INFO - Processing position 23/100
2025-01-20 18:33:07,929 - INFO - Processing position 24/100
2025-01-20 18:34:01,037 - INFO - Processing position 25/100
2025-01-20 18:34:55,609 - INFO - Processing position 26/100
2025-01-20 18:35:48,539 - INFO - Processing position 27/100
2025-01-20 18:36:41,497 - INFO - Processing position 28/100
2025-01-20 18:37:34,865 - INFO - Processing position 29/100
2025-01-20 18:38:31,044 - INFO - Processing position 30/100
2025-01-20 18:39:23,799 - INFO - Processing position 31/100
2025-01-20 18:40:19,713 - INFO - Processing position 32/100
2025-01-20 18:41:13,597 - INFO - Processing position 33/100
2025-01-20 18:42:06,518 - INFO - Processing position 34/100
2025-01-20 18:43:01,571 - INFO - Processing position 35/100
2025-01-20 18:43:56,219 - INFO - Processing position 36/100
2025-01-20 18:44:50,261 - INFO - Processing position 37/100
2025-01-20 18:45:44,453 - INFO - Processing position 38/100
2025-01-20 18:46:40,052 - INFO - Processing position 39/100
2025-01-20 18:47:33,138 - INFO - Processing position 40/100
2025-01-20 18:48:26,088 - INFO - Processing position 41/100
2025-01-20 18:49:21,517 - INFO - Processing position 42/100
2025-01-20 18:50:17,200 - INFO - Processing position 43/100
2025-01-20 18:51:12,588 - INFO - Processing position 44/100
2025-01-20 18:52:06,473 - INFO - Processing position 45/100
2025-01-20 18:53:01,230 - INFO - Processing position 46/100
2025-01-20 18:53:54,470 - INFO - Processing position 47/100
2025-01-20 18:54:49,910 - INFO - Processing position 48/100
2025-01-20 18:55:42,894 - INFO - Processing position 49/100
2025-01-20 18:56:36,503 - INFO - Processing position 50/100
2025-01-20 18:57:30,167 - INFO - Processing position 51/100
2025-01-20 18:58:26,342 - INFO - Processing position 52/100
2025-01-20 18:59:21,593 - INFO - Processing position 53/100
2025-01-20 19:00:14,490 - INFO - Processing position 54/100
2025-01-20 19:01:07,550 - INFO - Processing position 55/100
2025-01-20 19:02:00,777 - INFO - Processing position 56/100
2025-01-20 19:02:55,464 - INFO - Processing position 57/100
2025-01-20 19:03:48,514 - INFO - Processing position 58/100
2025-01-20 19:04:42,250 - INFO - Processing position 59/100
2025-01-20 19:05:34,709 - INFO - Processing position 60/100
2025-01-20 19:06:29,124 - INFO - Processing position 61/100
2025-01-20 19:07:25,002 - INFO - Processing position 62/100
2025-01-20 19:08:18,492 - INFO - Processing position 63/100
2025-01-20 19:09:11,749 - INFO - Processing position 64/100
2025-01-20 19:10:05,860 - INFO - Processing position 65/100
2025-01-20 19:11:00,904 - INFO - Processing position 66/100
2025-01-20 19:11:54,242 - INFO - Processing position 67/100
2025-01-20 19:12:48,041 - INFO - Processing position 68/100
2025-01-20 19:13:42,378 - INFO - Processing position 69/100
2025-01-20 19:14:37,088 - INFO - Processing position 70/100
2025-01-20 19:15:30,383 - INFO - Processing position 71/100
2025-01-20 19:16:26,827 - INFO - Processing position 72/100
2025-01-20 19:17:20,972 - INFO - Processing position 73/100
2025-01-20 19:18:14,328 - INFO - Processing position 74/100
2025-01-20 19:19:09,448 - INFO - Processing position 75/100
2025-01-20 19:20:02,475 - INFO - Processing position 76/100
2025-01-20 19:20:56,450 - INFO - Processing position 77/100
2025-01-20 19:21:49,330 - INFO - Processing position 78/100
2025-01-20 19:22:44,509 - INFO - Processing position 79/100
2025-01-20 19:23:36,918 - INFO - Processing position 80/100
2025-01-20 19:24:30,131 - INFO - Processing position 81/100
2025-01-20 19:25:26,645 - INFO - Processing position 82/100
2025-01-20 19:26:20,836 - INFO - Processing position 83/100
2025-01-20 19:27:17,181 - INFO - Processing position 84/100
2025-01-20 19:28:10,750 - INFO - Processing position 85/100
2025-01-20 19:29:03,939 - INFO - Processing position 86/100
2025-01-20 19:29:57,623 - INFO - Processing position 87/100
2025-01-20 19:30:52,940 - INFO - Processing position 88/100
2025-01-20 19:31:46,434 - INFO - Processing position 89/100
2025-01-20 19:32:40,787 - INFO - Processing position 90/100
2025-01-20 19:33:34,284 - INFO - Processing position 91/100
2025-01-20 19:34:30,690 - INFO - Processing position 92/100
2025-01-20 19:35:26,321 - INFO - Processing position 93/100
2025-01-20 19:36:19,995 - INFO - Processing position 94/100
2025-01-20 19:37:14,693 - INFO - Processing position 95/100
2025-01-20 19:38:08,242 - INFO - Processing position 96/100
2025-01-20 19:39:03,268 - INFO - Processing position 97/100
2025-01-20 19:39:57,506 - INFO - Processing position 98/100
2025-01-20 19:40:50,871 - INFO - Processing position 99/100
2025-01-20 19:41:44,992 - INFO - Processing position 100/100
2025-01-20 19:42:44,010 - INFO - Completed 2 neurons in 1:30:24.350315
2025-01-20 19:42:44,101 - INFO - Starting processing for 3 neurons at 2025-01-20 19:42:44.100934
2025-01-20 19:42:44,101 - INFO - Starting experiment with 3 neurons, 100 positions
2025-01-20 19:42:47,425 - INFO - Processing position 1/100
2025-01-20 19:43:44,508 - INFO - Processing position 2/100
2025-01-20 19:44:41,355 - INFO - Processing position 3/100
2025-01-20 19:45:37,639 - INFO - Processing position 4/100
2025-01-20 19:46:32,352 - INFO - Processing position 5/100
2025-01-20 19:47:26,428 - INFO - Processing position 6/100
2025-01-20 19:48:20,708 - INFO - Processing position 7/100
2025-01-20 19:49:15,411 - INFO - Processing position 8/100
2025-01-20 19:50:11,158 - INFO - Processing position 9/100
2025-01-20 19:51:04,688 - INFO - Processing position 10/100
2025-01-20 19:51:58,630 - INFO - Processing position 11/100
2025-01-20 19:52:53,380 - INFO - Processing position 12/100
2025-01-20 19:53:48,085 - INFO - Processing position 13/100
2025-01-20 19:54:44,804 - INFO - Processing position 14/100
2025-01-20 19:55:40,673 - INFO - Processing position 15/100
2025-01-20 19:56:35,355 - INFO - Processing position 16/100
2025-01-20 19:57:32,483 - INFO - Processing position 17/100
2025-01-20 19:58:27,588 - INFO - Processing position 18/100
2025-01-20 19:59:23,297 - INFO - Processing position 19/100
2025-01-20 20:00:18,392 - INFO - Processing position 20/100
2025-01-20 20:01:12,800 - INFO - Processing position 21/100
2025-01-20 20:02:09,866 - INFO - Processing position 22/100
2025-01-20 20:03:04,775 - INFO - Processing position 23/100
2025-01-20 20:04:00,865 - INFO - Processing position 24/100
2025-01-20 20:04:56,369 - INFO - Processing position 25/100
2025-01-20 20:05:52,513 - INFO - Processing position 26/100
2025-01-20 20:06:47,644 - INFO - Processing position 27/100
2025-01-20 20:07:44,794 - INFO - Processing position 28/100
2025-01-20 20:08:40,541 - INFO - Processing position 29/100
2025-01-20 20:09:35,576 - INFO - Processing position 30/100
2025-01-20 20:10:30,505 - INFO - Processing position 31/100
2025-01-20 20:11:25,422 - INFO - Processing position 32/100
2025-01-20 20:12:21,983 - INFO - Processing position 33/100
2025-01-20 20:13:19,756 - INFO - Processing position 34/100
2025-01-20 20:14:15,518 - INFO - Processing position 35/100
2025-01-20 20:15:11,305 - INFO - Processing position 36/100
2025-01-20 20:16:07,370 - INFO - Processing position 37/100
2025-01-20 20:17:03,204 - INFO - Processing position 38/100
2025-01-20 20:17:59,639 - INFO - Processing position 39/100
2025-01-20 20:18:56,319 - INFO - Processing position 40/100
2025-01-20 20:19:54,705 - INFO - Processing position 41/100
2025-01-20 20:20:51,011 - INFO - Processing position 42/100
2025-01-20 20:21:47,494 - INFO - Processing position 43/100
2025-01-20 20:22:44,294 - INFO - Processing position 44/100
2025-01-20 20:23:40,655 - INFO - Processing position 45/100
2025-01-20 20:24:36,487 - INFO - Processing position 46/100
2025-01-20 20:25:32,109 - INFO - Processing position 47/100
2025-01-20 20:26:29,724 - INFO - Processing position 48/100
2025-01-20 20:27:31,284 - INFO - Processing position 49/100
2025-01-20 20:28:29,540 - INFO - Processing position 50/100
2025-01-20 20:29:25,131 - INFO - Processing position 51/100
2025-01-20 20:30:21,034 - INFO - Processing position 52/100
2025-01-20 20:31:17,626 - INFO - Processing position 53/100
2025-01-20 20:32:13,681 - INFO - Processing position 54/100
2025-01-20 20:33:10,826 - INFO - Processing position 55/100
2025-01-20 20:34:08,932 - INFO - Processing position 56/100
2025-01-20 20:35:04,539 - INFO - Processing position 57/100
2025-01-20 20:36:00,588 - INFO - Processing position 58/100
2025-01-20 20:36:56,964 - INFO - Processing position 59/100
2025-01-20 20:37:52,928 - INFO - Processing position 60/100
2025-01-20 20:38:48,769 - INFO - Processing position 61/100
2025-01-20 20:39:43,915 - INFO - Processing position 62/100
2025-01-20 20:40:42,606 - INFO - Processing position 63/100
2025-01-20 20:41:39,227 - INFO - Processing position 64/100
2025-01-20 20:42:35,760 - INFO - Processing position 65/100
2025-01-20 20:43:32,069 - INFO - Processing position 66/100
2025-01-20 20:44:28,119 - INFO - Processing position 67/100
2025-01-20 20:45:24,904 - INFO - Processing position 68/100
2025-01-20 20:46:20,648 - INFO - Processing position 69/100
2025-01-20 20:47:18,772 - INFO - Processing position 70/100
2025-01-20 20:48:14,535 - INFO - Processing position 71/100
2025-01-20 20:49:09,887 - INFO - Processing position 72/100
2025-01-20 20:50:06,014 - INFO - Processing position 73/100
2025-01-20 20:51:02,561 - INFO - Processing position 74/100
2025-01-20 20:52:00,091 - INFO - Processing position 75/100
2025-01-20 20:52:56,321 - INFO - Processing position 76/100
2025-01-20 20:53:54,486 - INFO - Processing position 77/100
2025-01-20 20:54:49,981 - INFO - Processing position 78/100
2025-01-20 20:55:46,827 - INFO - Processing position 79/100
2025-01-20 20:56:43,360 - INFO - Processing position 80/100
2025-01-20 20:57:38,760 - INFO - Processing position 81/100
2025-01-20 20:58:34,973 - INFO - Processing position 82/100
2025-01-20 20:59:31,742 - INFO - Processing position 83/100
2025-01-20 21:00:30,481 - INFO - Processing position 84/100
2025-01-20 21:01:27,352 - INFO - Processing position 85/100
2025-01-20 21:02:24,076 - INFO - Processing position 86/100
2025-01-20 21:03:19,460 - INFO - Processing position 87/100
2025-01-20 21:04:15,622 - INFO - Processing position 88/100
2025-01-20 21:05:12,729 - INFO - Processing position 89/100
2025-01-20 21:06:09,669 - INFO - Processing position 90/100
2025-01-20 21:07:04,987 - INFO - Processing position 91/100
2025-01-20 21:08:02,489 - INFO - Processing position 92/100
2025-01-20 21:08:58,957 - INFO - Processing position 93/100
2025-01-20 21:09:56,192 - INFO - Processing position 94/100
2025-01-20 21:10:53,037 - INFO - Processing position 95/100
2025-01-20 21:11:49,869 - INFO - Processing position 96/100
2025-01-20 21:12:47,417 - INFO - Processing position 97/100
2025-01-20 21:13:44,328 - INFO - Processing position 98/100
2025-01-20 21:14:41,006 - INFO - Processing position 99/100
2025-01-20 21:15:39,309 - INFO - Processing position 100/100
2025-01-20 21:16:38,661 - INFO - Completed 3 neurons in 1:33:54.560690
2025-01-20 21:16:38,745 - INFO - Starting processing for 4 neurons at 2025-01-20 21:16:38.745602
2025-01-20 21:16:38,746 - INFO - Starting experiment with 4 neurons, 100 positions
2025-01-20 21:16:42,617 - INFO - Processing position 1/100
2025-01-20 21:17:38,899 - INFO - Processing position 2/100
2025-01-20 21:18:35,588 - INFO - Processing position 3/100
2025-01-20 21:19:32,904 - INFO - Processing position 4/100
2025-01-20 21:20:31,099 - INFO - Processing position 5/100
2025-01-20 21:21:28,468 - INFO - Processing position 6/100
2025-01-20 21:22:25,986 - INFO - Processing position 7/100
2025-01-20 21:23:22,861 - INFO - Processing position 8/100
2025-01-20 21:24:20,681 - INFO - Processing position 9/100
2025-01-20 21:25:19,649 - INFO - Processing position 10/100
2025-01-20 21:26:16,022 - INFO - Processing position 11/100
2025-01-20 21:27:12,721 - INFO - Processing position 12/100
2025-01-20 21:28:10,574 - INFO - Processing position 13/100
2025-01-20 21:29:07,575 - INFO - Processing position 14/100
2025-01-20 21:30:05,368 - INFO - Processing position 15/100
2025-01-20 21:31:02,373 - INFO - Processing position 16/100
2025-01-20 21:31:59,260 - INFO - Processing position 17/100
2025-01-20 21:32:57,005 - INFO - Processing position 18/100
2025-01-20 21:33:56,843 - INFO - Processing position 19/100
2025-01-20 21:34:53,619 - INFO - Processing position 20/100
2025-01-20 21:35:49,783 - INFO - Processing position 21/100
2025-01-20 21:36:45,848 - INFO - Processing position 22/100
2025-01-20 21:37:43,405 - INFO - Processing position 23/100
2025-01-20 21:38:40,398 - INFO - Processing position 24/100
2025-01-20 21:39:38,424 - INFO - Processing position 25/100
2025-01-20 21:40:35,020 - INFO - Processing position 26/100
2025-01-20 21:41:32,612 - INFO - Processing position 27/100
2025-01-20 21:42:30,779 - INFO - Processing position 28/100
2025-01-20 21:43:27,729 - INFO - Processing position 29/100
2025-01-20 21:44:24,705 - INFO - Processing position 30/100
2025-01-20 21:45:20,506 - INFO - Processing position 31/100
2025-01-20 21:46:17,198 - INFO - Processing position 32/100
2025-01-20 21:47:14,001 - INFO - Processing position 33/100
2025-01-20 21:48:11,602 - INFO - Processing position 34/100
2025-01-20 21:49:07,975 - INFO - Processing position 35/100
2025-01-20 21:50:07,125 - INFO - Processing position 36/100
2025-01-20 21:51:04,227 - INFO - Processing position 37/100
2025-01-20 21:52:01,125 - INFO - Processing position 38/100
2025-01-20 21:52:56,949 - INFO - Processing position 39/100
2025-01-20 21:53:52,988 - INFO - Processing position 40/100
2025-01-20 21:54:49,049 - INFO - Processing position 41/100
2025-01-20 21:55:45,679 - INFO - Processing position 42/100
2025-01-20 21:56:44,664 - INFO - Processing position 43/100
2025-01-20 21:57:41,748 - INFO - Processing position 44/100
2025-01-20 21:58:39,115 - INFO - Processing position 45/100
2025-01-20 21:59:36,494 - INFO - Processing position 46/100
2025-01-20 22:00:34,171 - INFO - Processing position 47/100
2025-01-20 22:01:31,743 - INFO - Processing position 48/100
2025-01-20 22:02:28,207 - INFO - Processing position 49/100
2025-01-20 22:03:25,281 - INFO - Processing position 50/100
2025-01-20 22:04:21,886 - INFO - Processing position 51/100
2025-01-20 22:05:20,829 - INFO - Processing position 52/100
2025-01-20 22:06:18,468 - INFO - Processing position 53/100
2025-01-20 22:07:15,357 - INFO - Processing position 54/100
2025-01-20 22:08:12,667 - INFO - Processing position 55/100
2025-01-20 22:09:09,261 - INFO - Processing position 56/100
2025-01-20 22:10:05,999 - INFO - Processing position 57/100
2025-01-20 22:11:03,775 - INFO - Processing position 58/100
2025-01-20 22:11:59,999 - INFO - Processing position 59/100
2025-01-20 22:12:57,270 - INFO - Processing position 60/100
2025-01-20 22:13:55,724 - INFO - Processing position 61/100
2025-01-20 22:14:52,099 - INFO - Processing position 62/100
2025-01-20 22:15:48,414 - INFO - Processing position 63/100
2025-01-20 22:16:45,526 - INFO - Processing position 64/100
2025-01-20 22:17:42,501 - INFO - Processing position 65/100
2025-01-20 22:18:38,982 - INFO - Processing position 66/100
2025-01-20 22:19:36,065 - INFO - Processing position 67/100
2025-01-20 22:20:33,139 - INFO - Processing position 68/100
2025-01-20 22:21:32,770 - INFO - Processing position 69/100
2025-01-20 22:22:29,302 - INFO - Processing position 70/100
2025-01-20 22:23:25,095 - INFO - Processing position 71/100
2025-01-20 22:24:21,603 - INFO - Processing position 72/100
2025-01-20 22:25:19,002 - INFO - Processing position 73/100
2025-01-20 22:26:14,865 - INFO - Processing position 74/100
2025-01-20 22:27:11,888 - INFO - Processing position 75/100
2025-01-20 22:28:08,899 - INFO - Processing position 76/100
2025-01-20 22:29:07,623 - INFO - Processing position 77/100
2025-01-20 22:30:04,116 - INFO - Processing position 78/100
2025-01-20 22:31:00,499 - INFO - Processing position 79/100
2025-01-20 22:31:56,169 - INFO - Processing position 80/100
2025-01-20 22:32:51,688 - INFO - Processing position 81/100
2025-01-20 22:33:48,439 - INFO - Processing position 82/100
2025-01-20 22:34:45,661 - INFO - Processing position 83/100
2025-01-20 22:35:43,785 - INFO - Processing position 84/100
2025-01-20 22:36:40,155 - INFO - Processing position 85/100
2025-01-20 22:37:36,750 - INFO - Processing position 86/100
2025-01-20 22:38:33,156 - INFO - Processing position 87/100
2025-01-20 22:39:29,535 - INFO - Processing position 88/100
2025-01-20 22:40:25,591 - INFO - Processing position 89/100
2025-01-20 22:41:21,816 - INFO - Processing position 90/100
2025-01-20 22:42:17,506 - INFO - Processing position 91/100
2025-01-20 22:43:14,631 - INFO - Processing position 92/100
2025-01-20 22:44:10,667 - INFO - Processing position 93/100
2025-01-20 22:45:06,739 - INFO - Processing position 94/100
2025-01-20 22:46:03,586 - INFO - Processing position 95/100
2025-01-20 22:47:00,006 - INFO - Processing position 96/100
2025-01-20 22:47:56,458 - INFO - Processing position 97/100
2025-01-20 22:48:52,692 - INFO - Processing position 98/100
2025-01-20 22:49:51,071 - INFO - Processing position 99/100
2025-01-20 22:50:47,144 - INFO - Processing position 100/100
2025-01-20 22:51:46,105 - INFO - Completed 4 neurons in 1:35:07.359726
2025-01-20 22:51:46,189 - INFO - Starting processing for 5 neurons at 2025-01-20 22:51:46.189461
2025-01-20 22:51:46,190 - INFO - Starting experiment with 5 neurons, 100 positions
2025-01-20 22:51:50,809 - INFO - Processing position 1/100
2025-01-20 22:52:47,320 - INFO - Processing position 2/100
2025-01-20 22:53:44,226 - INFO - Processing position 3/100
2025-01-20 22:54:41,578 - INFO - Processing position 4/100
2025-01-20 22:55:39,365 - INFO - Processing position 5/100
2025-01-20 22:56:36,707 - INFO - Processing position 6/100
2025-01-20 22:57:33,796 - INFO - Processing position 7/100
2025-01-20 22:58:31,702 - INFO - Processing position 8/100
2025-01-20 22:59:30,202 - INFO - Processing position 9/100
2025-01-20 23:00:27,778 - INFO - Processing position 10/100
2025-01-20 23:01:24,678 - INFO - Processing position 11/100
2025-01-20 23:02:22,341 - INFO - Processing position 12/100
2025-01-20 23:03:19,732 - INFO - Processing position 13/100
2025-01-20 23:04:16,681 - INFO - Processing position 14/100
2025-01-20 23:05:14,204 - INFO - Processing position 15/100
2025-01-20 23:06:11,972 - INFO - Processing position 16/100
2025-01-20 23:07:08,912 - INFO - Processing position 17/100
2025-01-20 23:08:06,434 - INFO - Processing position 18/100
2025-01-20 23:09:06,164 - INFO - Processing position 19/100
2025-01-20 23:10:02,759 - INFO - Processing position 20/100
2025-01-20 23:11:00,264 - INFO - Processing position 21/100
2025-01-20 23:11:57,044 - INFO - Processing position 22/100
2025-01-20 23:12:54,234 - INFO - Processing position 23/100
2025-01-20 23:13:50,958 - INFO - Processing position 24/100
2025-01-20 23:14:48,502 - INFO - Processing position 25/100
2025-01-20 23:15:45,805 - INFO - Processing position 26/100
2025-01-20 23:16:43,033 - INFO - Processing position 27/100
2025-01-20 23:17:41,218 - INFO - Processing position 28/100
2025-01-20 23:18:38,938 - INFO - Processing position 29/100
2025-01-20 23:19:34,673 - INFO - Processing position 30/100
2025-01-20 23:20:30,532 - INFO - Processing position 31/100
2025-01-20 23:21:27,248 - INFO - Processing position 32/100
2025-01-20 23:22:24,091 - INFO - Processing position 33/100
2025-01-20 23:23:21,369 - INFO - Processing position 34/100
2025-01-20 23:24:18,248 - INFO - Processing position 35/100
2025-01-20 23:25:16,493 - INFO - Processing position 36/100
2025-01-20 23:26:13,410 - INFO - Processing position 37/100
2025-01-20 23:27:10,250 - INFO - Processing position 38/100
2025-01-20 23:28:07,115 - INFO - Processing position 39/100
2025-01-20 23:29:02,716 - INFO - Processing position 40/100
2025-01-20 23:29:58,435 - INFO - Processing position 41/100
2025-01-20 23:30:54,311 - INFO - Processing position 42/100
2025-01-20 23:31:50,812 - INFO - Processing position 43/100
2025-01-20 23:32:48,726 - INFO - Processing position 44/100
2025-01-20 23:33:44,490 - INFO - Processing position 45/100
2025-01-20 23:34:39,868 - INFO - Processing position 46/100
2025-01-20 23:35:36,733 - INFO - Processing position 47/100
2025-01-20 23:36:33,444 - INFO - Processing position 48/100
2025-01-20 23:37:29,913 - INFO - Processing position 49/100
2025-01-20 23:38:25,693 - INFO - Processing position 50/100
2025-01-20 23:39:21,906 - INFO - Processing position 51/100
2025-01-20 23:40:17,746 - INFO - Processing position 52/100
2025-01-20 23:41:14,405 - INFO - Processing position 53/100
2025-01-20 23:42:10,466 - INFO - Processing position 54/100
2025-01-20 23:43:06,676 - INFO - Processing position 55/100
2025-01-20 23:44:02,944 - INFO - Processing position 56/100
2025-01-20 23:44:58,335 - INFO - Processing position 57/100
2025-01-20 23:45:54,413 - INFO - Processing position 58/100
2025-01-20 23:46:50,261 - INFO - Processing position 59/100
2025-01-20 23:47:46,571 - INFO - Processing position 60/100
2025-01-20 23:48:43,818 - INFO - Processing position 61/100
2025-01-20 23:49:41,102 - INFO - Processing position 62/100
2025-01-20 23:50:37,560 - INFO - Processing position 63/100
2025-01-20 23:51:33,825 - INFO - Processing position 64/100
2025-01-20 23:52:30,500 - INFO - Processing position 65/100
2025-01-20 23:53:27,095 - INFO - Processing position 66/100
2025-01-20 23:54:22,670 - INFO - Processing position 67/100
2025-01-20 23:55:18,590 - INFO - Processing position 68/100
2025-01-20 23:56:14,377 - INFO - Processing position 69/100
2025-01-20 23:57:09,568 - INFO - Processing position 70/100
2025-01-20 23:58:05,166 - INFO - Processing position 71/100
2025-01-20 23:59:00,360 - INFO - Processing position 72/100
2025-01-20 23:59:55,776 - INFO - Processing position 73/100
2025-01-21 00:00:52,136 - INFO - Processing position 74/100
2025-01-21 00:01:48,407 - INFO - Processing position 75/100
2025-01-21 00:02:44,634 - INFO - Processing position 76/100
2025-01-21 00:03:40,698 - INFO - Processing position 77/100
2025-01-21 00:04:36,350 - INFO - Processing position 78/100
2025-01-21 00:05:32,414 - INFO - Processing position 79/100
2025-01-21 00:06:27,778 - INFO - Processing position 80/100
2025-01-21 00:07:23,395 - INFO - Processing position 81/100
2025-01-21 00:08:18,343 - INFO - Processing position 82/100
2025-01-21 00:09:14,214 - INFO - Processing position 83/100
2025-01-21 00:10:10,012 - INFO - Processing position 84/100
2025-01-21 00:11:05,866 - INFO - Processing position 85/100
2025-01-21 00:12:02,230 - INFO - Processing position 86/100
2025-01-21 00:12:58,161 - INFO - Processing position 87/100
2025-01-21 00:13:53,457 - INFO - Processing position 88/100
2025-01-21 00:14:48,249 - INFO - Processing position 89/100
2025-01-21 00:15:43,365 - INFO - Processing position 90/100
2025-01-21 00:16:38,283 - INFO - Processing position 91/100
2025-01-21 00:17:33,886 - INFO - Processing position 92/100
2025-01-21 00:18:30,907 - INFO - Processing position 93/100
2025-01-21 00:19:26,773 - INFO - Processing position 94/100
2025-01-21 00:20:23,711 - INFO - Processing position 95/100
2025-01-21 00:21:19,689 - INFO - Processing position 96/100
2025-01-21 00:22:15,524 - INFO - Processing position 97/100
2025-01-21 00:23:10,376 - INFO - Processing position 98/100
2025-01-21 00:24:05,963 - INFO - Processing position 99/100
2025-01-21 00:25:00,563 - INFO - Processing position 100/100
2025-01-21 00:25:58,266 - INFO - Completed 5 neurons in 1:34:12.077214
2025-01-21 00:25:58,358 - INFO - Starting processing for 6 neurons at 2025-01-21 00:25:58.358007
2025-01-21 00:25:58,359 - INFO - Starting experiment with 6 neurons, 100 positions
2025-01-21 00:26:03,525 - INFO - Processing position 1/100
2025-01-21 00:26:59,685 - INFO - Processing position 2/100
2025-01-21 00:27:56,356 - INFO - Processing position 3/100
2025-01-21 00:28:52,746 - INFO - Processing position 4/100
2025-01-21 00:29:49,190 - INFO - Processing position 5/100
2025-01-21 00:30:45,392 - INFO - Processing position 6/100
2025-01-21 00:31:41,612 - INFO - Processing position 7/100
2025-01-21 00:32:38,051 - INFO - Processing position 8/100
2025-01-21 00:33:34,497 - INFO - Processing position 9/100
2025-01-21 00:34:29,739 - INFO - Processing position 10/100
2025-01-21 00:35:26,331 - INFO - Processing position 11/100
2025-01-21 00:36:21,646 - INFO - Processing position 12/100
2025-01-21 00:37:18,429 - INFO - Processing position 13/100
2025-01-21 00:38:15,312 - INFO - Processing position 14/100
2025-01-21 00:39:11,283 - INFO - Processing position 15/100
2025-01-21 00:40:07,675 - INFO - Processing position 16/100
2025-01-21 00:41:03,682 - INFO - Processing position 17/100
2025-01-21 00:41:59,997 - INFO - Processing position 18/100
2025-01-21 00:42:57,461 - INFO - Processing position 19/100
2025-01-21 00:43:53,172 - INFO - Processing position 20/100
2025-01-21 00:44:48,732 - INFO - Processing position 21/100
2025-01-21 00:45:44,473 - INFO - Processing position 22/100
2025-01-21 00:46:41,469 - INFO - Processing position 23/100
2025-01-21 00:47:39,047 - INFO - Processing position 24/100
2025-01-21 00:48:35,915 - INFO - Processing position 25/100
2025-01-21 00:49:32,581 - INFO - Processing position 26/100
2025-01-21 00:50:29,676 - INFO - Processing position 27/100
2025-01-21 00:51:25,660 - INFO - Processing position 28/100
2025-01-21 00:52:22,727 - INFO - Processing position 29/100
2025-01-21 00:53:17,909 - INFO - Processing position 30/100
2025-01-21 00:54:13,887 - INFO - Processing position 31/100
2025-01-21 00:55:09,059 - INFO - Processing position 32/100
2025-01-21 00:56:05,344 - INFO - Processing position 33/100
2025-01-21 00:57:01,090 - INFO - Processing position 34/100
2025-01-21 00:57:57,804 - INFO - Processing position 35/100
2025-01-21 00:58:53,357 - INFO - Processing position 36/100
2025-01-21 00:59:49,749 - INFO - Processing position 37/100
2025-01-21 01:00:46,201 - INFO - Processing position 38/100
2025-01-21 01:01:42,697 - INFO - Processing position 39/100
2025-01-21 01:02:38,917 - INFO - Processing position 40/100
2025-01-21 01:03:34,942 - INFO - Processing position 41/100
2025-01-21 01:04:31,456 - INFO - Processing position 42/100
2025-01-21 01:05:28,433 - INFO - Processing position 43/100
2025-01-21 01:06:24,595 - INFO - Processing position 44/100
2025-01-21 01:07:21,373 - INFO - Processing position 45/100
2025-01-21 01:08:17,829 - INFO - Processing position 46/100
2025-01-21 01:09:13,835 - INFO - Processing position 47/100
2025-01-21 01:10:09,798 - INFO - Processing position 48/100
2025-01-21 01:11:05,991 - INFO - Processing position 49/100
2025-01-21 01:12:01,966 - INFO - Processing position 50/100
2025-01-21 01:12:58,324 - INFO - Processing position 51/100
2025-01-21 01:13:53,291 - INFO - Processing position 52/100
2025-01-21 01:14:49,641 - INFO - Processing position 53/100
2025-01-21 01:15:45,670 - INFO - Processing position 54/100
2025-01-21 01:16:42,232 - INFO - Processing position 55/100
2025-01-21 01:17:38,173 - INFO - Processing position 56/100
2025-01-21 01:18:34,835 - INFO - Processing position 57/100
2025-01-21 01:19:30,642 - INFO - Processing position 58/100
2025-01-21 01:20:26,070 - INFO - Processing position 59/100
2025-01-21 01:21:22,036 - INFO - Processing position 60/100
2025-01-21 01:22:17,608 - INFO - Processing position 61/100
2025-01-21 01:23:12,581 - INFO - Processing position 62/100
2025-01-21 01:24:09,238 - INFO - Processing position 63/100
2025-01-21 01:25:04,789 - INFO - Processing position 64/100
2025-01-21 01:26:00,745 - INFO - Processing position 65/100
2025-01-21 01:26:57,859 - INFO - Processing position 66/100
2025-01-21 01:27:54,406 - INFO - Processing position 67/100
2025-01-21 01:28:51,068 - INFO - Processing position 68/100
2025-01-21 01:29:46,421 - INFO - Processing position 69/100
2025-01-21 01:30:43,070 - INFO - Processing position 70/100
2025-01-21 01:31:38,045 - INFO - Processing position 71/100
2025-01-21 01:32:34,022 - INFO - Processing position 72/100
2025-01-21 01:33:30,652 - INFO - Processing position 73/100
2025-01-21 01:34:27,133 - INFO - Processing position 74/100
2025-01-21 01:35:23,448 - INFO - Processing position 75/100
2025-01-21 01:36:19,111 - INFO - Processing position 76/100
2025-01-21 01:37:15,635 - INFO - Processing position 77/100
2025-01-21 01:38:11,012 - INFO - Processing position 78/100
2025-01-21 01:39:08,087 - INFO - Processing position 79/100
2025-01-21 01:40:03,548 - INFO - Processing position 80/100
2025-01-21 01:40:58,430 - INFO - Processing position 81/100
2025-01-21 01:41:53,684 - INFO - Processing position 82/100
2025-01-21 01:42:50,065 - INFO - Processing position 83/100
2025-01-21 01:43:46,002 - INFO - Processing position 84/100
2025-01-21 01:44:42,431 - INFO - Processing position 85/100
2025-01-21 01:45:38,603 - INFO - Processing position 86/100
2025-01-21 01:46:37,086 - INFO - Processing position 87/100
2025-01-21 01:47:33,016 - INFO - Processing position 88/100
2025-01-21 01:48:29,790 - INFO - Processing position 89/100
2025-01-21 01:49:25,159 - INFO - Processing position 90/100
2025-01-21 01:50:20,642 - INFO - Processing position 91/100
2025-01-21 01:51:16,595 - INFO - Processing position 92/100
2025-01-21 01:52:13,141 - INFO - Processing position 93/100
2025-01-21 01:53:10,077 - INFO - Processing position 94/100
2025-01-21 01:54:06,326 - INFO - Processing position 95/100
2025-01-21 01:55:01,933 - INFO - Processing position 96/100
2025-01-21 01:55:58,456 - INFO - Processing position 97/100
2025-01-21 01:56:53,632 - INFO - Processing position 98/100
2025-01-21 01:57:51,821 - INFO - Processing position 99/100
2025-01-21 01:58:51,724 - INFO - Processing position 100/100
2025-01-21 01:59:51,203 - INFO - Completed 6 neurons in 1:33:52.845879
2025-01-21 01:59:51,302 - INFO - Starting processing for 7 neurons at 2025-01-21 01:59:51.302866
2025-01-21 01:59:51,303 - INFO - Starting experiment with 7 neurons, 100 positions
2025-01-21 01:59:57,858 - INFO - Processing position 1/100
2025-01-21 02:00:54,111 - INFO - Processing position 2/100
2025-01-21 02:01:49,896 - INFO - Processing position 3/100
2025-01-21 02:02:46,546 - INFO - Processing position 4/100
2025-01-21 02:03:41,857 - INFO - Processing position 5/100
2025-01-21 02:04:37,223 - INFO - Processing position 6/100
2025-01-21 02:05:32,266 - INFO - Processing position 7/100
2025-01-21 02:06:27,532 - INFO - Processing position 8/100
2025-01-21 02:07:22,874 - INFO - Processing position 9/100
2025-01-21 02:08:18,761 - INFO - Processing position 10/100
2025-01-21 02:09:13,657 - INFO - Processing position 11/100
2025-01-21 02:10:09,122 - INFO - Processing position 12/100
2025-01-21 02:11:04,875 - INFO - Processing position 13/100
2025-01-21 02:12:00,753 - INFO - Processing position 14/100
2025-01-21 02:12:57,069 - INFO - Processing position 15/100
2025-01-21 02:13:52,981 - INFO - Processing position 16/100
2025-01-21 02:14:48,653 - INFO - Processing position 17/100
2025-01-21 02:15:43,703 - INFO - Processing position 18/100
2025-01-21 02:16:40,312 - INFO - Processing position 19/100
2025-01-21 02:17:35,765 - INFO - Processing position 20/100
2025-01-21 02:18:31,251 - INFO - Processing position 21/100
2025-01-21 02:19:26,091 - INFO - Processing position 22/100
2025-01-21 02:20:23,001 - INFO - Processing position 23/100
2025-01-21 02:21:20,741 - INFO - Processing position 24/100
2025-01-21 02:22:16,968 - INFO - Processing position 25/100
2025-01-21 02:23:12,396 - INFO - Processing position 26/100
2025-01-21 02:24:08,163 - INFO - Processing position 27/100
2025-01-21 02:25:03,414 - INFO - Processing position 28/100
2025-01-21 02:26:00,612 - INFO - Processing position 29/100
2025-01-21 02:26:56,622 - INFO - Processing position 30/100
2025-01-21 02:27:51,759 - INFO - Processing position 31/100
2025-01-21 02:28:47,981 - INFO - Processing position 32/100
2025-01-21 02:29:43,903 - INFO - Processing position 33/100
2025-01-21 02:30:39,341 - INFO - Processing position 34/100
2025-01-21 02:31:35,957 - INFO - Processing position 35/100
2025-01-21 02:32:31,297 - INFO - Processing position 36/100
2025-01-21 02:33:27,056 - INFO - Processing position 37/100
2025-01-21 02:34:22,656 - INFO - Processing position 38/100
2025-01-21 02:35:18,982 - INFO - Processing position 39/100
2025-01-21 02:36:13,764 - INFO - Processing position 40/100
2025-01-21 02:37:09,525 - INFO - Processing position 41/100
2025-01-21 02:38:04,619 - INFO - Processing position 42/100
2025-01-21 02:39:00,838 - INFO - Processing position 43/100
2025-01-21 02:39:56,375 - INFO - Processing position 44/100
2025-01-21 02:40:52,202 - INFO - Processing position 45/100
2025-01-21 02:41:47,480 - INFO - Processing position 46/100
2025-01-21 02:42:42,863 - INFO - Processing position 47/100
2025-01-21 02:43:38,744 - INFO - Processing position 48/100
2025-01-21 02:44:33,918 - INFO - Processing position 49/100
2025-01-21 02:45:28,244 - INFO - Processing position 50/100
2025-01-21 02:46:22,908 - INFO - Processing position 51/100
2025-01-21 02:47:16,914 - INFO - Processing position 52/100
2025-01-21 02:48:12,295 - INFO - Processing position 53/100
2025-01-21 02:49:08,113 - INFO - Processing position 54/100
2025-01-21 02:50:03,038 - INFO - Processing position 55/100
2025-01-21 02:50:57,502 - INFO - Processing position 56/100
2025-01-21 02:51:52,004 - INFO - Processing position 57/100
2025-01-21 02:52:46,478 - INFO - Processing position 58/100
2025-01-21 02:53:41,506 - INFO - Processing position 59/100
2025-01-21 02:54:36,146 - INFO - Processing position 60/100
2025-01-21 02:55:30,242 - INFO - Processing position 61/100
2025-01-21 02:56:24,345 - INFO - Processing position 62/100
2025-01-21 02:57:19,048 - INFO - Processing position 63/100
2025-01-21 02:58:13,924 - INFO - Processing position 64/100
2025-01-21 02:59:09,330 - INFO - Processing position 65/100
2025-01-21 03:00:03,939 - INFO - Processing position 66/100
2025-01-21 03:00:58,839 - INFO - Processing position 67/100
2025-01-21 03:01:53,804 - INFO - Processing position 68/100
2025-01-21 03:02:49,507 - INFO - Processing position 69/100
2025-01-21 03:03:44,264 - INFO - Processing position 70/100
2025-01-21 03:04:39,090 - INFO - Processing position 71/100
2025-01-21 03:05:33,489 - INFO - Processing position 72/100
2025-01-21 03:06:28,339 - INFO - Processing position 73/100
2025-01-21 03:07:22,930 - INFO - Processing position 74/100
2025-01-21 03:08:18,220 - INFO - Processing position 75/100
2025-01-21 03:09:12,876 - INFO - Processing position 76/100
2025-01-21 03:10:07,655 - INFO - Processing position 77/100
2025-01-21 03:11:01,930 - INFO - Processing position 78/100
2025-01-21 03:11:56,669 - INFO - Processing position 79/100
2025-01-21 03:12:51,619 - INFO - Processing position 80/100
2025-01-21 03:13:46,724 - INFO - Processing position 81/100
2025-01-21 03:14:40,699 - INFO - Processing position 82/100
2025-01-21 03:15:36,121 - INFO - Processing position 83/100
2025-01-21 03:16:30,486 - INFO - Processing position 84/100
2025-01-21 03:17:25,607 - INFO - Processing position 85/100
2025-01-21 03:18:20,453 - INFO - Processing position 86/100
2025-01-21 03:19:15,596 - INFO - Processing position 87/100
2025-01-21 03:20:09,807 - INFO - Processing position 88/100
2025-01-21 03:21:04,993 - INFO - Processing position 89/100
2025-01-21 03:21:59,850 - INFO - Processing position 90/100
2025-01-21 03:22:54,235 - INFO - Processing position 91/100
2025-01-21 03:23:48,552 - INFO - Processing position 92/100
2025-01-21 03:24:43,892 - INFO - Processing position 93/100
2025-01-21 03:25:38,585 - INFO - Processing position 94/100
2025-01-21 03:26:33,657 - INFO - Processing position 95/100
2025-01-21 03:27:28,468 - INFO - Processing position 96/100
2025-01-21 03:28:23,367 - INFO - Processing position 97/100
2025-01-21 03:29:18,617 - INFO - Processing position 98/100
2025-01-21 03:30:13,275 - INFO - Processing position 99/100
2025-01-21 03:31:07,210 - INFO - Processing position 100/100
2025-01-21 03:32:04,636 - INFO - Completed 7 neurons in 1:32:13.333517
2025-01-21 03:32:04,729 - INFO - Starting processing for 8 neurons at 2025-01-21 03:32:04.729305
2025-01-21 03:32:04,730 - INFO - Starting experiment with 8 neurons, 100 positions
2025-01-21 03:32:11,380 - INFO - Processing position 1/100
2025-01-21 03:33:07,701 - INFO - Processing position 2/100
2025-01-21 03:34:03,525 - INFO - Processing position 3/100
2025-01-21 03:35:00,672 - INFO - Processing position 4/100
2025-01-21 03:35:56,234 - INFO - Processing position 5/100
2025-01-21 03:36:52,660 - INFO - Processing position 6/100
2025-01-21 03:37:47,766 - INFO - Processing position 7/100
2025-01-21 03:38:43,728 - INFO - Processing position 8/100
2025-01-21 03:39:39,693 - INFO - Processing position 9/100
2025-01-21 03:40:36,114 - INFO - Processing position 10/100
2025-01-21 03:41:31,465 - INFO - Processing position 11/100
2025-01-21 03:42:26,811 - INFO - Processing position 12/100
2025-01-21 03:43:22,922 - INFO - Processing position 13/100
2025-01-21 03:44:18,572 - INFO - Processing position 14/100
2025-01-21 03:45:14,288 - INFO - Processing position 15/100
2025-01-21 03:46:09,601 - INFO - Processing position 16/100
2025-01-21 03:47:05,570 - INFO - Processing position 17/100
2025-01-21 03:48:01,448 - INFO - Processing position 18/100
2025-01-21 03:48:58,209 - INFO - Processing position 19/100
2025-01-21 03:49:53,527 - INFO - Processing position 20/100
2025-01-21 03:50:48,966 - INFO - Processing position 21/100
2025-01-21 03:51:45,041 - INFO - Processing position 22/100
2025-01-21 03:52:41,222 - INFO - Processing position 23/100
2025-01-21 03:53:36,364 - INFO - Processing position 24/100
2025-01-21 03:54:33,126 - INFO - Processing position 25/100
2025-01-21 03:55:28,725 - INFO - Processing position 26/100
2025-01-21 03:56:24,495 - INFO - Processing position 27/100
2025-01-21 03:57:19,968 - INFO - Processing position 28/100
2025-01-21 03:58:15,326 - INFO - Processing position 29/100
2025-01-21 03:59:10,783 - INFO - Processing position 30/100
2025-01-21 04:00:05,391 - INFO - Processing position 31/100
2025-01-21 04:01:00,257 - INFO - Processing position 32/100
2025-01-21 04:01:56,515 - INFO - Processing position 33/100
2025-01-21 04:02:51,322 - INFO - Processing position 34/100
2025-01-21 04:03:47,470 - INFO - Processing position 35/100
2025-01-21 04:04:42,424 - INFO - Processing position 36/100
2025-01-21 04:05:38,118 - INFO - Processing position 37/100
2025-01-21 04:06:33,305 - INFO - Processing position 38/100
2025-01-21 04:07:28,350 - INFO - Processing position 39/100
2025-01-21 04:08:24,169 - INFO - Processing position 40/100
2025-01-21 04:09:19,418 - INFO - Processing position 41/100
2025-01-21 04:10:14,511 - INFO - Processing position 42/100
2025-01-21 04:11:10,332 - INFO - Processing position 43/100
2025-01-21 04:12:05,691 - INFO - Processing position 44/100
2025-01-21 04:13:01,411 - INFO - Processing position 45/100
2025-01-21 04:13:56,815 - INFO - Processing position 46/100
2025-01-21 04:14:54,389 - INFO - Processing position 47/100
2025-01-21 04:15:50,210 - INFO - Processing position 48/100
2025-01-21 04:16:46,457 - INFO - Processing position 49/100
2025-01-21 04:17:41,747 - INFO - Processing position 50/100
2025-01-21 04:18:37,425 - INFO - Processing position 51/100
2025-01-21 04:19:32,135 - INFO - Processing position 52/100
2025-01-21 04:20:28,894 - INFO - Processing position 53/100
2025-01-21 04:21:24,836 - INFO - Processing position 54/100
2025-01-21 04:22:20,610 - INFO - Processing position 55/100
2025-01-21 04:23:16,361 - INFO - Processing position 56/100
2025-01-21 04:24:11,293 - INFO - Processing position 57/100
2025-01-21 04:25:06,304 - INFO - Processing position 58/100
2025-01-21 04:26:03,045 - INFO - Processing position 59/100
2025-01-21 04:26:59,001 - INFO - Processing position 60/100
2025-01-21 04:27:54,329 - INFO - Processing position 61/100
2025-01-21 04:28:49,576 - INFO - Processing position 62/100
2025-01-21 04:29:45,432 - INFO - Processing position 63/100
2025-01-21 04:30:40,961 - INFO - Processing position 64/100
2025-01-21 04:31:36,264 - INFO - Processing position 65/100
2025-01-21 04:32:31,530 - INFO - Processing position 66/100
2025-01-21 04:33:27,016 - INFO - Processing position 67/100
2025-01-21 04:34:22,685 - INFO - Processing position 68/100
2025-01-21 04:35:19,077 - INFO - Processing position 69/100
2025-01-21 04:36:14,044 - INFO - Processing position 70/100
2025-01-21 04:37:09,261 - INFO - Processing position 71/100
2025-01-21 04:38:04,471 - INFO - Processing position 72/100
2025-01-21 04:39:01,092 - INFO - Processing position 73/100
2025-01-21 04:39:56,753 - INFO - Processing position 74/100
2025-01-21 04:40:53,725 - INFO - Processing position 75/100
2025-01-21 04:41:49,385 - INFO - Processing position 76/100
2025-01-21 04:42:46,333 - INFO - Processing position 77/100
2025-01-21 04:43:42,410 - INFO - Processing position 78/100
2025-01-21 04:44:38,250 - INFO - Processing position 79/100
2025-01-21 04:45:34,491 - INFO - Processing position 80/100
2025-01-21 04:46:30,343 - INFO - Processing position 81/100
2025-01-21 04:47:25,161 - INFO - Processing position 82/100
2025-01-21 04:48:21,630 - INFO - Processing position 83/100
2025-01-21 04:49:17,739 - INFO - Processing position 84/100
2025-01-21 04:50:13,987 - INFO - Processing position 85/100
2025-01-21 04:51:10,225 - INFO - Processing position 86/100
2025-01-21 04:52:06,357 - INFO - Processing position 87/100
2025-01-21 04:53:02,588 - INFO - Processing position 88/100
2025-01-21 04:53:58,772 - INFO - Processing position 89/100
2025-01-21 04:54:54,904 - INFO - Processing position 90/100
2025-01-21 04:55:50,918 - INFO - Processing position 91/100
2025-01-21 04:56:46,578 - INFO - Processing position 92/100
2025-01-21 04:57:43,943 - INFO - Processing position 93/100
2025-01-21 04:58:39,561 - INFO - Processing position 94/100
2025-01-21 04:59:36,871 - INFO - Processing position 95/100
2025-01-21 05:00:32,858 - INFO - Processing position 96/100
2025-01-21 05:01:28,717 - INFO - Processing position 97/100
2025-01-21 05:02:25,687 - INFO - Processing position 98/100
2025-01-21 05:03:20,839 - INFO - Processing position 99/100
2025-01-21 05:04:17,159 - INFO - Processing position 100/100
2025-01-21 05:05:16,215 - INFO - Completed 8 neurons in 1:33:11.485882
2025-01-21 05:05:16,312 - INFO - Starting processing for 9 neurons at 2025-01-21 05:05:16.312148
2025-01-21 05:05:16,312 - INFO - Starting experiment with 9 neurons, 100 positions
2025-01-21 05:05:24,517 - INFO - Processing position 1/100
2025-01-21 05:06:21,599 - INFO - Processing position 2/100
2025-01-21 05:07:19,274 - INFO - Processing position 3/100
2025-01-21 05:08:16,125 - INFO - Processing position 4/100
2025-01-21 05:09:13,108 - INFO - Processing position 5/100
2025-01-21 05:10:09,784 - INFO - Processing position 6/100
2025-01-21 05:11:06,301 - INFO - Processing position 7/100
2025-01-21 05:12:03,750 - INFO - Processing position 8/100
2025-01-21 05:13:00,399 - INFO - Processing position 9/100
2025-01-21 05:13:57,553 - INFO - Processing position 10/100
2025-01-21 05:14:54,512 - INFO - Processing position 11/100
2025-01-21 05:15:51,362 - INFO - Processing position 12/100
2025-01-21 05:16:49,379 - INFO - Processing position 13/100
2025-01-21 05:17:46,054 - INFO - Processing position 14/100
2025-01-21 05:18:43,260 - INFO - Processing position 15/100
2025-01-21 05:19:40,149 - INFO - Processing position 16/100
2025-01-21 05:20:36,981 - INFO - Processing position 17/100
2025-01-21 05:21:34,818 - INFO - Processing position 18/100
2025-01-21 05:22:32,243 - INFO - Processing position 19/100
2025-01-21 05:23:29,115 - INFO - Processing position 20/100
2025-01-21 05:24:25,847 - INFO - Processing position 21/100
2025-01-21 05:25:22,515 - INFO - Processing position 22/100
2025-01-21 05:26:20,619 - INFO - Processing position 23/100
2025-01-21 05:27:18,097 - INFO - Processing position 24/100
2025-01-21 05:28:15,783 - INFO - Processing position 25/100
2025-01-21 05:29:13,100 - INFO - Processing position 26/100
2025-01-21 05:30:11,223 - INFO - Processing position 27/100
2025-01-21 05:31:09,081 - INFO - Processing position 28/100
2025-01-21 05:32:06,612 - INFO - Processing position 29/100
2025-01-21 05:33:03,091 - INFO - Processing position 30/100
2025-01-21 05:34:00,187 - INFO - Processing position 31/100
2025-01-21 05:34:56,687 - INFO - Processing position 32/100
2025-01-21 05:35:54,347 - INFO - Processing position 33/100
2025-01-21 05:36:51,308 - INFO - Processing position 34/100
2025-01-21 05:37:48,469 - INFO - Processing position 35/100
2025-01-21 05:38:45,693 - INFO - Processing position 36/100
2025-01-21 05:39:42,805 - INFO - Processing position 37/100
2025-01-21 05:40:40,064 - INFO - Processing position 38/100
2025-01-21 05:41:36,765 - INFO - Processing position 39/100
2025-01-21 05:42:33,010 - INFO - Processing position 40/100
2025-01-21 05:43:28,653 - INFO - Processing position 41/100
2025-01-21 05:44:26,510 - INFO - Processing position 42/100
2025-01-21 05:45:23,353 - INFO - Processing position 43/100
2025-01-21 05:46:19,666 - INFO - Processing position 44/100
2025-01-21 05:47:15,967 - INFO - Processing position 45/100
2025-01-21 05:48:12,725 - INFO - Processing position 46/100
2025-01-21 05:49:09,084 - INFO - Processing position 47/100
2025-01-21 05:50:06,451 - INFO - Processing position 48/100
2025-01-21 05:51:03,212 - INFO - Processing position 49/100
2025-01-21 05:51:59,225 - INFO - Processing position 50/100
2025-01-21 05:52:56,003 - INFO - Processing position 51/100
2025-01-21 05:53:52,078 - INFO - Processing position 52/100
2025-01-21 05:54:48,516 - INFO - Processing position 53/100
2025-01-21 05:55:44,714 - INFO - Processing position 54/100
2025-01-21 05:56:41,227 - INFO - Processing position 55/100
2025-01-21 05:57:38,092 - INFO - Processing position 56/100
2025-01-21 05:58:34,242 - INFO - Processing position 57/100
2025-01-21 05:59:31,993 - INFO - Processing position 58/100
2025-01-21 06:00:29,998 - INFO - Processing position 59/100
2025-01-21 06:01:27,509 - INFO - Processing position 60/100
2025-01-21 06:02:24,022 - INFO - Processing position 61/100
2025-01-21 06:03:20,470 - INFO - Processing position 62/100
2025-01-21 06:04:17,036 - INFO - Processing position 63/100
2025-01-21 06:05:13,367 - INFO - Processing position 64/100
2025-01-21 06:06:10,538 - INFO - Processing position 65/100
2025-01-21 06:07:06,752 - INFO - Processing position 66/100
2025-01-21 06:08:02,923 - INFO - Processing position 67/100
2025-01-21 06:08:59,105 - INFO - Processing position 68/100
2025-01-21 06:09:54,939 - INFO - Processing position 69/100
2025-01-21 06:10:50,652 - INFO - Processing position 70/100
2025-01-21 06:11:46,480 - INFO - Processing position 71/100
2025-01-21 06:12:42,584 - INFO - Processing position 72/100
2025-01-21 06:13:40,142 - INFO - Processing position 73/100
2025-01-21 06:14:37,001 - INFO - Processing position 74/100
2025-01-21 06:15:32,826 - INFO - Processing position 75/100
2025-01-21 06:16:29,115 - INFO - Processing position 76/100
2025-01-21 06:17:25,552 - INFO - Processing position 77/100
2025-01-21 06:18:22,929 - INFO - Processing position 78/100
2025-01-21 06:19:18,353 - INFO - Processing position 79/100
2025-01-21 06:20:15,045 - INFO - Processing position 80/100
2025-01-21 06:21:10,740 - INFO - Processing position 81/100
2025-01-21 06:22:07,348 - INFO - Processing position 82/100
2025-01-21 06:23:03,923 - INFO - Processing position 83/100
2025-01-21 06:24:00,591 - INFO - Processing position 84/100
2025-01-21 06:24:57,403 - INFO - Processing position 85/100
2025-01-21 06:25:53,894 - INFO - Processing position 86/100
2025-01-21 06:26:50,546 - INFO - Processing position 87/100
2025-01-21 06:27:47,209 - INFO - Processing position 88/100
2025-01-21 06:28:43,728 - INFO - Processing position 89/100
2025-01-21 06:29:39,980 - INFO - Processing position 90/100
2025-01-21 06:30:35,641 - INFO - Processing position 91/100
2025-01-21 06:31:32,013 - INFO - Processing position 92/100
2025-01-21 06:32:27,916 - INFO - Processing position 93/100
2025-01-21 06:33:24,709 - INFO - Processing position 94/100
2025-01-21 06:34:20,520 - INFO - Processing position 95/100
2025-01-21 06:35:17,093 - INFO - Processing position 96/100
2025-01-21 06:36:12,869 - INFO - Processing position 97/100
2025-01-21 06:37:09,712 - INFO - Processing position 98/100
2025-01-21 06:38:06,444 - INFO - Processing position 99/100
2025-01-21 06:39:02,995 - INFO - Processing position 100/100
2025-01-21 06:40:01,998 - INFO - Completed 9 neurons in 1:34:45.686608
2025-01-21 06:40:02,098 - INFO - Starting processing for 10 neurons at 2025-01-21 06:40:02.098528
2025-01-21 06:40:02,099 - INFO - Starting experiment with 10 neurons, 100 positions
2025-01-21 06:40:10,799 - INFO - Processing position 1/100
2025-01-21 06:41:08,051 - INFO - Processing position 2/100
2025-01-21 06:42:05,333 - INFO - Processing position 3/100
2025-01-21 06:43:02,615 - INFO - Processing position 4/100
2025-01-21 06:43:59,916 - INFO - Processing position 5/100
2025-01-21 06:44:55,942 - INFO - Processing position 6/100
2025-01-21 06:45:52,593 - INFO - Processing position 7/100
2025-01-21 06:46:49,117 - INFO - Processing position 8/100
2025-01-21 06:47:45,688 - INFO - Processing position 9/100
2025-01-21 06:48:42,741 - INFO - Processing position 10/100
2025-01-21 06:49:41,048 - INFO - Processing position 11/100
2025-01-21 06:50:37,632 - INFO - Processing position 12/100
2025-01-21 06:51:35,044 - INFO - Processing position 13/100
2025-01-21 06:52:31,122 - INFO - Processing position 14/100
2025-01-21 06:53:28,693 - INFO - Processing position 15/100
2025-01-21 06:54:24,945 - INFO - Processing position 16/100
2025-01-21 06:55:21,688 - INFO - Processing position 17/100
2025-01-21 06:56:18,551 - INFO - Processing position 18/100
2025-01-21 06:57:14,936 - INFO - Processing position 19/100
2025-01-21 06:58:11,877 - INFO - Processing position 20/100
2025-01-21 06:59:08,167 - INFO - Processing position 21/100
2025-01-21 07:00:04,375 - INFO - Processing position 22/100
2025-01-21 07:01:01,341 - INFO - Processing position 23/100
2025-01-21 07:01:58,259 - INFO - Processing position 24/100
2025-01-21 07:02:56,065 - INFO - Processing position 25/100
2025-01-21 07:03:52,531 - INFO - Processing position 26/100
2025-01-21 07:04:48,588 - INFO - Processing position 27/100
2025-01-21 07:05:45,034 - INFO - Processing position 28/100
2025-01-21 07:06:41,610 - INFO - Processing position 29/100
2025-01-21 07:07:38,869 - INFO - Processing position 30/100
2025-01-21 07:08:34,694 - INFO - Processing position 31/100
2025-01-21 07:09:31,126 - INFO - Processing position 32/100
2025-01-21 07:10:28,170 - INFO - Processing position 33/100
2025-01-21 07:11:25,403 - INFO - Processing position 34/100
2025-01-21 07:12:23,085 - INFO - Processing position 35/100
2025-01-21 07:13:20,071 - INFO - Processing position 36/100
2025-01-21 07:14:16,583 - INFO - Processing position 37/100
2025-01-21 07:15:13,836 - INFO - Processing position 38/100
2025-01-21 07:16:10,971 - INFO - Processing position 39/100
2025-01-21 07:17:08,949 - INFO - Processing position 40/100
2025-01-21 07:18:05,222 - INFO - Processing position 41/100
2025-01-21 07:19:01,977 - INFO - Processing position 42/100
2025-01-21 07:19:59,894 - INFO - Processing position 43/100
2025-01-21 07:20:56,785 - INFO - Processing position 44/100
2025-01-21 07:21:54,710 - INFO - Processing position 45/100
2025-01-21 07:22:51,724 - INFO - Processing position 46/100
2025-01-21 07:23:48,882 - INFO - Processing position 47/100
2025-01-21 07:24:46,126 - INFO - Processing position 48/100
2025-01-21 07:25:42,742 - INFO - Processing position 49/100
2025-01-21 07:26:40,194 - INFO - Processing position 50/100
2025-01-21 07:27:37,488 - INFO - Processing position 51/100
2025-01-21 07:28:35,539 - INFO - Processing position 52/100
2025-01-21 07:29:32,911 - INFO - Processing position 53/100
2025-01-21 07:30:30,201 - INFO - Processing position 54/100
2025-01-21 07:31:27,633 - INFO - Processing position 55/100
2025-01-21 07:32:25,889 - INFO - Processing position 56/100
2025-01-21 07:33:23,045 - INFO - Processing position 57/100
2025-01-21 07:34:20,245 - INFO - Processing position 58/100
2025-01-21 07:35:17,856 - INFO - Processing position 59/100
2025-01-21 07:36:14,890 - INFO - Processing position 60/100
2025-01-21 07:37:13,154 - INFO - Processing position 61/100
2025-01-21 07:38:09,661 - INFO - Processing position 62/100
2025-01-21 07:39:08,116 - INFO - Processing position 63/100
2025-01-21 07:40:05,445 - INFO - Processing position 64/100
2025-01-21 07:41:03,408 - INFO - Processing position 65/100
2025-01-21 07:42:00,714 - INFO - Processing position 66/100
2025-01-21 07:42:59,222 - INFO - Processing position 67/100
2025-01-21 07:43:57,928 - INFO - Processing position 68/100
2025-01-21 07:44:54,817 - INFO - Processing position 69/100
2025-01-21 07:45:51,152 - INFO - Processing position 70/100
2025-01-21 07:46:48,581 - INFO - Processing position 71/100
2025-01-21 07:47:46,069 - INFO - Processing position 72/100
2025-01-21 07:48:44,590 - INFO - Processing position 73/100
2025-01-21 07:49:42,121 - INFO - Processing position 74/100
2025-01-21 07:50:39,849 - INFO - Processing position 75/100
2025-01-21 07:51:37,670 - INFO - Processing position 76/100
2025-01-21 07:52:35,897 - INFO - Processing position 77/100
2025-01-21 07:53:34,564 - INFO - Processing position 78/100
2025-01-21 07:54:32,182 - INFO - Processing position 79/100
2025-01-21 07:55:29,951 - INFO - Processing position 80/100
2025-01-21 07:56:27,956 - INFO - Processing position 81/100
2025-01-21 07:57:25,546 - INFO - Processing position 82/100
2025-01-21 07:58:24,504 - INFO - Processing position 83/100
2025-01-21 07:59:23,110 - INFO - Processing position 84/100
2025-01-21 08:00:21,803 - INFO - Processing position 85/100
2025-01-21 08:01:21,600 - INFO - Processing position 86/100
2025-01-21 08:02:24,521 - INFO - Processing position 87/100
2025-01-21 08:03:23,617 - INFO - Processing position 88/100
2025-01-21 08:04:20,924 - INFO - Processing position 89/100
2025-01-21 08:05:18,590 - INFO - Processing position 90/100
2025-01-21 08:06:15,507 - INFO - Processing position 91/100
2025-01-21 08:07:14,034 - INFO - Processing position 92/100
2025-01-21 08:08:12,522 - INFO - Processing position 93/100
2025-01-21 08:09:10,949 - INFO - Processing position 94/100
2025-01-21 08:10:09,296 - INFO - Processing position 95/100
2025-01-21 08:11:08,008 - INFO - Processing position 96/100
2025-01-21 08:12:05,550 - INFO - Processing position 97/100
2025-01-21 08:13:03,265 - INFO - Processing position 98/100
2025-01-21 08:14:01,589 - INFO - Processing position 99/100
2025-01-21 08:14:58,862 - INFO - Processing position 100/100
2025-01-21 08:16:00,032 - INFO - Completed 10 neurons in 1:35:57.934127
